[INFO 2018-03-08 23:58:08,889 PID:23211 /home/ec2-user/anaconda3/envs/mxnet_p36/lib/python3.6/site-packages/mms/mxnet_model_server.py:__init__:87 Initialized model serving.
[WARNING 2018-03-08 23:58:09,343 PID:23211 /home/ec2-user/anaconda3/envs/mxnet_p36/lib/python3.6/site-packages/mms/model_service/mxnet_model_service.py:__init__:94 Failed to parse epoch from param file, setting epoch to 0
[INFO 2018-03-08 23:58:09,381 PID:23211 /home/ec2-user/anaconda3/envs/mxnet_p36/lib/python3.6/site-packages/mms/serving_frontend.py:add_endpoint:182 Adding endpoint: CREPE_predict to Flask
[INFO 2018-03-08 23:58:09,381 PID:23211 /home/ec2-user/anaconda3/envs/mxnet_p36/lib/python3.6/site-packages/mms/serving_frontend.py:add_endpoint:182 Adding endpoint: ping to Flask
[INFO 2018-03-08 23:58:09,382 PID:23211 /home/ec2-user/anaconda3/envs/mxnet_p36/lib/python3.6/site-packages/mms/serving_frontend.py:add_endpoint:182 Adding endpoint: api-description to Flask
[INFO 2018-03-08 23:58:09,383 PID:23211 /home/ec2-user/anaconda3/envs/mxnet_p36/lib/python3.6/site-packages/mms/metric.py:start_recording:118 Metric errors for last 30 seconds is 0.000000
[INFO 2018-03-08 23:58:09,384 PID:23211 /home/ec2-user/anaconda3/envs/mxnet_p36/lib/python3.6/site-packages/mms/metric.py:start_recording:118 Metric requests for last 30 seconds is 0.000000
[INFO 2018-03-08 23:58:09,384 PID:23211 /home/ec2-user/anaconda3/envs/mxnet_p36/lib/python3.6/site-packages/mms/metric.py:start_recording:118 Metric cpu for last 30 seconds is 0.184000
[INFO 2018-03-08 23:58:09,385 PID:23211 /home/ec2-user/anaconda3/envs/mxnet_p36/lib/python3.6/site-packages/mms/metric.py:start_recording:118 Metric memory for last 30 seconds is 0.003000
[INFO 2018-03-08 23:58:09,386 PID:23211 /home/ec2-user/anaconda3/envs/mxnet_p36/lib/python3.6/site-packages/mms/metric.py:start_recording:118 Metric disk for last 30 seconds is 0.715000
[INFO 2018-03-08 23:58:09,386 PID:23211 /home/ec2-user/anaconda3/envs/mxnet_p36/lib/python3.6/site-packages/mms/metric.py:start_recording:118 Metric overall_latency for last 30 seconds is 0.000000
[INFO 2018-03-08 23:58:09,386 PID:23211 /home/ec2-user/anaconda3/envs/mxnet_p36/lib/python3.6/site-packages/mms/metric.py:start_recording:118 Metric inference_latency for last 30 seconds is 0.000000
[INFO 2018-03-08 23:58:09,386 PID:23211 /home/ec2-user/anaconda3/envs/mxnet_p36/lib/python3.6/site-packages/mms/metric.py:start_recording:118 Metric preprocess_latency for last 30 seconds is 0.000000
[INFO 2018-03-08 23:58:09,387 PID:23211 /home/ec2-user/anaconda3/envs/mxnet_p36/lib/python3.6/site-packages/mms/mxnet_model_server.py:start_model_serving:101 Service started successfully.
[INFO 2018-03-08 23:58:09,387 PID:23211 /home/ec2-user/anaconda3/envs/mxnet_p36/lib/python3.6/site-packages/mms/mxnet_model_server.py:start_model_serving:102 Service description endpoint: 127.0.0.1:8080/api-description
[INFO 2018-03-08 23:58:09,387 PID:23211 /home/ec2-user/anaconda3/envs/mxnet_p36/lib/python3.6/site-packages/mms/mxnet_model_server.py:start_model_serving:103 Service health endpoint: 127.0.0.1:8080/ping
[INFO 2018-03-08 23:58:09,395 PID:23211 /home/ec2-user/anaconda3/envs/mxnet_p36/lib/python3.6/site-packages/werkzeug/_internal.py:_log:88  * Running on http://127.0.0.1:8080/ (Press CTRL+C to quit)
[INFO 2018-03-08 23:58:21,161 PID:23211 /home/ec2-user/anaconda3/envs/mxnet_p36/lib/python3.6/site-packages/mms/serving_frontend.py:predict_callback:425 Request input: data should be json tensor.
[INFO 2018-03-08 23:58:21,161 PID:23211 /home/ec2-user/anaconda3/envs/mxnet_p36/lib/python3.6/site-packages/mms/request_handler/flask_handler.py:get_form_data:111 Getting form data from request.
[ERROR 2018-03-08 23:58:21,223 PID:23211 /home/ec2-user/anaconda3/envs/mxnet_p36/lib/python3.6/site-packages/mms/serving_frontend.py:predict_callback:470 Traceback (most recent call last):
  File "/home/ec2-user/anaconda3/envs/mxnet_p36/lib/python3.6/site-packages/mms/serving_frontend.py", line 466, in predict_callback
    response = modelservice.inference(input_data)
  File "/home/ec2-user/anaconda3/envs/mxnet_p36/lib/python3.6/site-packages/mms/model_service/model_service.py", line 102, in inference
    data = self._postprocess(data)
  File "crepe_cnn_service.py", line 36, in _postprocess
    softmax = nd.exp(data) / nd.sum(nd.exp(data))[0]
  File "<string>", line 36, in exp
AssertionError: Argument data must have NDArray type, but got [
[[ 1.7564311   0.20289639 -0.47221738 -0.25181341 -0.7385388   0.10413768
  -0.46235198]]
<NDArray 1x7 @cpu(0)>]

[INFO 2018-03-08 23:58:21,228 PID:23211 /home/ec2-user/anaconda3/envs/mxnet_p36/lib/python3.6/site-packages/werkzeug/_internal.py:_log:88 127.0.0.1 - - [08/Mar/2018 23:58:21] "POST /CREPE/predict HTTP/1.1" 500 -
[INFO 2018-03-08 23:58:39,384 PID:23211 /home/ec2-user/anaconda3/envs/mxnet_p36/lib/python3.6/site-packages/mms/metric.py:start_recording:118 Metric errors for last 30 seconds is 1.000000
[INFO 2018-03-08 23:58:39,384 PID:23211 /home/ec2-user/anaconda3/envs/mxnet_p36/lib/python3.6/site-packages/mms/metric.py:start_recording:118 Metric requests for last 30 seconds is 1.000000
[INFO 2018-03-08 23:58:39,385 PID:23211 /home/ec2-user/anaconda3/envs/mxnet_p36/lib/python3.6/site-packages/mms/metric.py:start_recording:118 Metric cpu for last 30 seconds is 0.001000
[INFO 2018-03-08 23:58:39,385 PID:23211 /home/ec2-user/anaconda3/envs/mxnet_p36/lib/python3.6/site-packages/mms/metric.py:start_recording:118 Metric memory for last 30 seconds is 0.003705
[INFO 2018-03-08 23:58:39,386 PID:23211 /home/ec2-user/anaconda3/envs/mxnet_p36/lib/python3.6/site-packages/mms/metric.py:start_recording:118 Metric disk for last 30 seconds is 0.715000
[INFO 2018-03-08 23:58:39,386 PID:23211 /home/ec2-user/anaconda3/envs/mxnet_p36/lib/python3.6/site-packages/mms/metric.py:start_recording:118 Metric overall_latency for last 30 seconds is 0.000000
[INFO 2018-03-08 23:58:39,387 PID:23211 /home/ec2-user/anaconda3/envs/mxnet_p36/lib/python3.6/site-packages/mms/metric.py:start_recording:118 Metric inference_latency for last 30 seconds is 0.000000
[INFO 2018-03-08 23:58:39,387 PID:23211 /home/ec2-user/anaconda3/envs/mxnet_p36/lib/python3.6/site-packages/mms/metric.py:start_recording:118 Metric preprocess_latency for last 30 seconds is 0.795364
[INFO 2018-03-08 23:59:09,384 PID:23211 /home/ec2-user/anaconda3/envs/mxnet_p36/lib/python3.6/site-packages/mms/metric.py:start_recording:118 Metric errors for last 30 seconds is 0.000000
[INFO 2018-03-08 23:59:09,385 PID:23211 /home/ec2-user/anaconda3/envs/mxnet_p36/lib/python3.6/site-packages/mms/metric.py:start_recording:118 Metric requests for last 30 seconds is 0.000000
[INFO 2018-03-08 23:59:09,385 PID:23211 /home/ec2-user/anaconda3/envs/mxnet_p36/lib/python3.6/site-packages/mms/metric.py:start_recording:118 Metric cpu for last 30 seconds is 0.000167
[INFO 2018-03-08 23:59:09,386 PID:23211 /home/ec2-user/anaconda3/envs/mxnet_p36/lib/python3.6/site-packages/mms/metric.py:start_recording:118 Metric memory for last 30 seconds is 0.003758
[INFO 2018-03-08 23:59:09,386 PID:23211 /home/ec2-user/anaconda3/envs/mxnet_p36/lib/python3.6/site-packages/mms/metric.py:start_recording:118 Metric disk for last 30 seconds is 0.715000
[INFO 2018-03-08 23:59:09,386 PID:23211 /home/ec2-user/anaconda3/envs/mxnet_p36/lib/python3.6/site-packages/mms/metric.py:start_recording:118 Metric overall_latency for last 30 seconds is 0.000000
[INFO 2018-03-08 23:59:09,387 PID:23211 /home/ec2-user/anaconda3/envs/mxnet_p36/lib/python3.6/site-packages/mms/metric.py:start_recording:118 Metric inference_latency for last 30 seconds is 0.000000
[INFO 2018-03-08 23:59:09,387 PID:23211 /home/ec2-user/anaconda3/envs/mxnet_p36/lib/python3.6/site-packages/mms/metric.py:start_recording:118 Metric preprocess_latency for last 30 seconds is 0.000000
[INFO 2018-03-08 23:59:39,384 PID:23211 /home/ec2-user/anaconda3/envs/mxnet_p36/lib/python3.6/site-packages/mms/metric.py:start_recording:118 Metric errors for last 30 seconds is 0.000000
[INFO 2018-03-08 23:59:39,385 PID:23211 /home/ec2-user/anaconda3/envs/mxnet_p36/lib/python3.6/site-packages/mms/metric.py:start_recording:118 Metric requests for last 30 seconds is 0.000000
[INFO 2018-03-08 23:59:39,385 PID:23211 /home/ec2-user/anaconda3/envs/mxnet_p36/lib/python3.6/site-packages/mms/metric.py:start_recording:118 Metric cpu for last 30 seconds is 0.000000
[INFO 2018-03-08 23:59:39,386 PID:23211 /home/ec2-user/anaconda3/envs/mxnet_p36/lib/python3.6/site-packages/mms/metric.py:start_recording:118 Metric memory for last 30 seconds is 0.003759
[INFO 2018-03-08 23:59:39,386 PID:23211 /home/ec2-user/anaconda3/envs/mxnet_p36/lib/python3.6/site-packages/mms/metric.py:start_recording:118 Metric disk for last 30 seconds is 0.715000
[INFO 2018-03-08 23:59:39,387 PID:23211 /home/ec2-user/anaconda3/envs/mxnet_p36/lib/python3.6/site-packages/mms/metric.py:start_recording:118 Metric overall_latency for last 30 seconds is 0.000000
[INFO 2018-03-08 23:59:39,387 PID:23211 /home/ec2-user/anaconda3/envs/mxnet_p36/lib/python3.6/site-packages/mms/metric.py:start_recording:118 Metric inference_latency for last 30 seconds is 0.000000
[INFO 2018-03-08 23:59:39,388 PID:23211 /home/ec2-user/anaconda3/envs/mxnet_p36/lib/python3.6/site-packages/mms/metric.py:start_recording:118 Metric preprocess_latency for last 30 seconds is 0.000000
[INFO 2018-03-08 23:59:43,100 PID:23361 /home/ec2-user/anaconda3/envs/mxnet_p36/lib/python3.6/site-packages/mms/mxnet_model_server.py:__init__:87 Initialized model serving.
[WARNING 2018-03-08 23:59:43,289 PID:23361 /home/ec2-user/anaconda3/envs/mxnet_p36/lib/python3.6/site-packages/mms/model_service/mxnet_model_service.py:__init__:94 Failed to parse epoch from param file, setting epoch to 0
[INFO 2018-03-08 23:59:43,329 PID:23361 /home/ec2-user/anaconda3/envs/mxnet_p36/lib/python3.6/site-packages/mms/serving_frontend.py:add_endpoint:182 Adding endpoint: CREPE_predict to Flask
[INFO 2018-03-08 23:59:43,329 PID:23361 /home/ec2-user/anaconda3/envs/mxnet_p36/lib/python3.6/site-packages/mms/serving_frontend.py:add_endpoint:182 Adding endpoint: ping to Flask
[INFO 2018-03-08 23:59:43,330 PID:23361 /home/ec2-user/anaconda3/envs/mxnet_p36/lib/python3.6/site-packages/mms/serving_frontend.py:add_endpoint:182 Adding endpoint: api-description to Flask
[INFO 2018-03-08 23:59:43,331 PID:23361 /home/ec2-user/anaconda3/envs/mxnet_p36/lib/python3.6/site-packages/mms/metric.py:start_recording:118 Metric errors for last 30 seconds is 0.000000
[INFO 2018-03-08 23:59:43,332 PID:23361 /home/ec2-user/anaconda3/envs/mxnet_p36/lib/python3.6/site-packages/mms/metric.py:start_recording:118 Metric requests for last 30 seconds is 0.000000
[INFO 2018-03-08 23:59:43,332 PID:23361 /home/ec2-user/anaconda3/envs/mxnet_p36/lib/python3.6/site-packages/mms/metric.py:start_recording:118 Metric cpu for last 30 seconds is 0.247000
[INFO 2018-03-08 23:59:43,333 PID:23361 /home/ec2-user/anaconda3/envs/mxnet_p36/lib/python3.6/site-packages/mms/metric.py:start_recording:118 Metric memory for last 30 seconds is 0.003009
[INFO 2018-03-08 23:59:43,334 PID:23361 /home/ec2-user/anaconda3/envs/mxnet_p36/lib/python3.6/site-packages/mms/metric.py:start_recording:118 Metric disk for last 30 seconds is 0.715000
[INFO 2018-03-08 23:59:43,334 PID:23361 /home/ec2-user/anaconda3/envs/mxnet_p36/lib/python3.6/site-packages/mms/metric.py:start_recording:118 Metric overall_latency for last 30 seconds is 0.000000
[INFO 2018-03-08 23:59:43,334 PID:23361 /home/ec2-user/anaconda3/envs/mxnet_p36/lib/python3.6/site-packages/mms/metric.py:start_recording:118 Metric inference_latency for last 30 seconds is 0.000000
[INFO 2018-03-08 23:59:43,334 PID:23361 /home/ec2-user/anaconda3/envs/mxnet_p36/lib/python3.6/site-packages/mms/metric.py:start_recording:118 Metric preprocess_latency for last 30 seconds is 0.000000
[INFO 2018-03-08 23:59:43,334 PID:23361 /home/ec2-user/anaconda3/envs/mxnet_p36/lib/python3.6/site-packages/mms/mxnet_model_server.py:start_model_serving:101 Service started successfully.
[INFO 2018-03-08 23:59:43,335 PID:23361 /home/ec2-user/anaconda3/envs/mxnet_p36/lib/python3.6/site-packages/mms/mxnet_model_server.py:start_model_serving:102 Service description endpoint: 127.0.0.1:8080/api-description
[INFO 2018-03-08 23:59:43,335 PID:23361 /home/ec2-user/anaconda3/envs/mxnet_p36/lib/python3.6/site-packages/mms/mxnet_model_server.py:start_model_serving:103 Service health endpoint: 127.0.0.1:8080/ping
[INFO 2018-03-08 23:59:43,341 PID:23361 /home/ec2-user/anaconda3/envs/mxnet_p36/lib/python3.6/site-packages/werkzeug/_internal.py:_log:88  * Running on http://127.0.0.1:8080/ (Press CTRL+C to quit)
[INFO 2018-03-08 23:59:45,628 PID:23361 /home/ec2-user/anaconda3/envs/mxnet_p36/lib/python3.6/site-packages/mms/serving_frontend.py:predict_callback:425 Request input: data should be json tensor.
[INFO 2018-03-08 23:59:45,629 PID:23361 /home/ec2-user/anaconda3/envs/mxnet_p36/lib/python3.6/site-packages/mms/request_handler/flask_handler.py:get_form_data:111 Getting form data from request.
[INFO 2018-03-08 23:59:45,689 PID:23361 /home/ec2-user/anaconda3/envs/mxnet_p36/lib/python3.6/site-packages/mms/serving_frontend.py:predict_callback:475 Response is text.
[INFO 2018-03-08 23:59:45,690 PID:23361 /home/ec2-user/anaconda3/envs/mxnet_p36/lib/python3.6/site-packages/mms/request_handler/flask_handler.py:jsonify:156 Jsonifying the response: {'prediction': {'predicted': 'Home_and_Kitchen', 'confidence': {'Home_and_Kitchen': 54.4, 'Books': 11.5, 'CDs_and_Vinyl': 5.8, 'Movies_and_TV': 7.3, 'Cell_Phones_and_Accessories': 4.4, 'Sports_and_Outdoors': 10.4, 'Clothing_Shoes_and_Jewelry': 5.9}}}
[INFO 2018-03-08 23:59:45,691 PID:23361 /home/ec2-user/anaconda3/envs/mxnet_p36/lib/python3.6/site-packages/werkzeug/_internal.py:_log:88 127.0.0.1 - - [08/Mar/2018 23:59:45] "POST /CREPE/predict HTTP/1.1" 200 -
[INFO 2018-03-09 00:00:13,332 PID:23361 /home/ec2-user/anaconda3/envs/mxnet_p36/lib/python3.6/site-packages/mms/metric.py:start_recording:118 Metric errors for last 30 seconds is 0.000000
[INFO 2018-03-09 00:00:13,332 PID:23361 /home/ec2-user/anaconda3/envs/mxnet_p36/lib/python3.6/site-packages/mms/metric.py:start_recording:118 Metric requests for last 30 seconds is 1.000000
[INFO 2018-03-09 00:00:13,333 PID:23361 /home/ec2-user/anaconda3/envs/mxnet_p36/lib/python3.6/site-packages/mms/metric.py:start_recording:118 Metric cpu for last 30 seconds is 0.000800
[INFO 2018-03-09 00:00:13,333 PID:23361 /home/ec2-user/anaconda3/envs/mxnet_p36/lib/python3.6/site-packages/mms/metric.py:start_recording:118 Metric memory for last 30 seconds is 0.003760
[INFO 2018-03-09 00:00:13,334 PID:23361 /home/ec2-user/anaconda3/envs/mxnet_p36/lib/python3.6/site-packages/mms/metric.py:start_recording:118 Metric disk for last 30 seconds is 0.715000
[INFO 2018-03-09 00:00:13,334 PID:23361 /home/ec2-user/anaconda3/envs/mxnet_p36/lib/python3.6/site-packages/mms/metric.py:start_recording:118 Metric overall_latency for last 30 seconds is 60.363770
[INFO 2018-03-09 00:00:13,335 PID:23361 /home/ec2-user/anaconda3/envs/mxnet_p36/lib/python3.6/site-packages/mms/metric.py:start_recording:118 Metric inference_latency for last 30 seconds is 59.618950
[INFO 2018-03-09 00:00:13,335 PID:23361 /home/ec2-user/anaconda3/envs/mxnet_p36/lib/python3.6/site-packages/mms/metric.py:start_recording:118 Metric preprocess_latency for last 30 seconds is 0.744820
[INFO 2018-03-09 00:00:16,048 PID:23426 /home/ec2-user/anaconda3/envs/mxnet_p36/lib/python3.6/site-packages/mms/mxnet_model_server.py:__init__:87 Initialized model serving.
[WARNING 2018-03-09 00:00:16,264 PID:23426 /home/ec2-user/anaconda3/envs/mxnet_p36/lib/python3.6/site-packages/mms/model_service/mxnet_model_service.py:__init__:94 Failed to parse epoch from param file, setting epoch to 0
[INFO 2018-03-09 00:00:16,300 PID:23426 /home/ec2-user/anaconda3/envs/mxnet_p36/lib/python3.6/site-packages/mms/serving_frontend.py:add_endpoint:182 Adding endpoint: CREPE_predict to Flask
[INFO 2018-03-09 00:00:16,300 PID:23426 /home/ec2-user/anaconda3/envs/mxnet_p36/lib/python3.6/site-packages/mms/serving_frontend.py:add_endpoint:182 Adding endpoint: ping to Flask
[INFO 2018-03-09 00:00:16,300 PID:23426 /home/ec2-user/anaconda3/envs/mxnet_p36/lib/python3.6/site-packages/mms/serving_frontend.py:add_endpoint:182 Adding endpoint: api-description to Flask
[INFO 2018-03-09 00:00:16,302 PID:23426 /home/ec2-user/anaconda3/envs/mxnet_p36/lib/python3.6/site-packages/mms/metric.py:start_recording:118 Metric errors for last 30 seconds is 0.000000
[INFO 2018-03-09 00:00:16,302 PID:23426 /home/ec2-user/anaconda3/envs/mxnet_p36/lib/python3.6/site-packages/mms/metric.py:start_recording:118 Metric requests for last 30 seconds is 0.000000
[INFO 2018-03-09 00:00:16,303 PID:23426 /home/ec2-user/anaconda3/envs/mxnet_p36/lib/python3.6/site-packages/mms/metric.py:start_recording:118 Metric cpu for last 30 seconds is 0.239000
[INFO 2018-03-09 00:00:16,304 PID:23426 /home/ec2-user/anaconda3/envs/mxnet_p36/lib/python3.6/site-packages/mms/metric.py:start_recording:118 Metric memory for last 30 seconds is 0.003017
[INFO 2018-03-09 00:00:16,304 PID:23426 /home/ec2-user/anaconda3/envs/mxnet_p36/lib/python3.6/site-packages/mms/metric.py:start_recording:118 Metric disk for last 30 seconds is 0.715000
[INFO 2018-03-09 00:00:16,305 PID:23426 /home/ec2-user/anaconda3/envs/mxnet_p36/lib/python3.6/site-packages/mms/metric.py:start_recording:118 Metric overall_latency for last 30 seconds is 0.000000
[INFO 2018-03-09 00:00:16,305 PID:23426 /home/ec2-user/anaconda3/envs/mxnet_p36/lib/python3.6/site-packages/mms/metric.py:start_recording:118 Metric inference_latency for last 30 seconds is 0.000000
[INFO 2018-03-09 00:00:16,305 PID:23426 /home/ec2-user/anaconda3/envs/mxnet_p36/lib/python3.6/site-packages/mms/metric.py:start_recording:118 Metric preprocess_latency for last 30 seconds is 0.000000
[INFO 2018-03-09 00:00:16,305 PID:23426 /home/ec2-user/anaconda3/envs/mxnet_p36/lib/python3.6/site-packages/mms/mxnet_model_server.py:start_model_serving:101 Service started successfully.
[INFO 2018-03-09 00:00:16,305 PID:23426 /home/ec2-user/anaconda3/envs/mxnet_p36/lib/python3.6/site-packages/mms/mxnet_model_server.py:start_model_serving:102 Service description endpoint: 127.0.0.1:8080/api-description
[INFO 2018-03-09 00:00:16,306 PID:23426 /home/ec2-user/anaconda3/envs/mxnet_p36/lib/python3.6/site-packages/mms/mxnet_model_server.py:start_model_serving:103 Service health endpoint: 127.0.0.1:8080/ping
[INFO 2018-03-09 00:00:16,312 PID:23426 /home/ec2-user/anaconda3/envs/mxnet_p36/lib/python3.6/site-packages/werkzeug/_internal.py:_log:88  * Running on http://127.0.0.1:8080/ (Press CTRL+C to quit)
[INFO 2018-03-09 00:00:18,983 PID:23426 /home/ec2-user/anaconda3/envs/mxnet_p36/lib/python3.6/site-packages/mms/serving_frontend.py:predict_callback:425 Request input: data should be json tensor.
[INFO 2018-03-09 00:00:18,983 PID:23426 /home/ec2-user/anaconda3/envs/mxnet_p36/lib/python3.6/site-packages/mms/request_handler/flask_handler.py:get_form_data:111 Getting form data from request.
[INFO 2018-03-09 00:00:19,037 PID:23426 /home/ec2-user/anaconda3/envs/mxnet_p36/lib/python3.6/site-packages/mms/serving_frontend.py:predict_callback:475 Response is text.
[INFO 2018-03-09 00:00:19,038 PID:23426 /home/ec2-user/anaconda3/envs/mxnet_p36/lib/python3.6/site-packages/mms/request_handler/flask_handler.py:jsonify:156 Jsonifying the response: {'prediction': {'predicted': 'Home_and_Kitchen', 'confidence': {'Home_and_Kitchen': 0.544, 'Books': 0.115, 'CDs_and_Vinyl': 0.058, 'Movies_and_TV': 0.073, 'Cell_Phones_and_Accessories': 0.044, 'Sports_and_Outdoors': 0.104, 'Clothing_Shoes_and_Jewelry': 0.059}}}
[INFO 2018-03-09 00:00:19,039 PID:23426 /home/ec2-user/anaconda3/envs/mxnet_p36/lib/python3.6/site-packages/werkzeug/_internal.py:_log:88 127.0.0.1 - - [09/Mar/2018 00:00:19] "POST /CREPE/predict HTTP/1.1" 200 -
[INFO 2018-03-09 00:00:46,302 PID:23426 /home/ec2-user/anaconda3/envs/mxnet_p36/lib/python3.6/site-packages/mms/metric.py:start_recording:118 Metric errors for last 30 seconds is 0.000000
[INFO 2018-03-09 00:00:46,303 PID:23426 /home/ec2-user/anaconda3/envs/mxnet_p36/lib/python3.6/site-packages/mms/metric.py:start_recording:118 Metric requests for last 30 seconds is 1.000000
[INFO 2018-03-09 00:00:46,304 PID:23426 /home/ec2-user/anaconda3/envs/mxnet_p36/lib/python3.6/site-packages/mms/metric.py:start_recording:118 Metric cpu for last 30 seconds is 0.001000
[INFO 2018-03-09 00:00:46,304 PID:23426 /home/ec2-user/anaconda3/envs/mxnet_p36/lib/python3.6/site-packages/mms/metric.py:start_recording:118 Metric memory for last 30 seconds is 0.003767
[INFO 2018-03-09 00:00:46,305 PID:23426 /home/ec2-user/anaconda3/envs/mxnet_p36/lib/python3.6/site-packages/mms/metric.py:start_recording:118 Metric disk for last 30 seconds is 0.715000
[INFO 2018-03-09 00:00:46,305 PID:23426 /home/ec2-user/anaconda3/envs/mxnet_p36/lib/python3.6/site-packages/mms/metric.py:start_recording:118 Metric overall_latency for last 30 seconds is 53.822041
[INFO 2018-03-09 00:00:46,306 PID:23426 /home/ec2-user/anaconda3/envs/mxnet_p36/lib/python3.6/site-packages/mms/metric.py:start_recording:118 Metric inference_latency for last 30 seconds is 53.092718
[INFO 2018-03-09 00:00:46,306 PID:23426 /home/ec2-user/anaconda3/envs/mxnet_p36/lib/python3.6/site-packages/mms/metric.py:start_recording:118 Metric preprocess_latency for last 30 seconds is 0.729322
[INFO 2018-03-09 00:01:16,303 PID:23426 /home/ec2-user/anaconda3/envs/mxnet_p36/lib/python3.6/site-packages/mms/metric.py:start_recording:118 Metric errors for last 30 seconds is 0.000000
[INFO 2018-03-09 00:01:16,303 PID:23426 /home/ec2-user/anaconda3/envs/mxnet_p36/lib/python3.6/site-packages/mms/metric.py:start_recording:118 Metric requests for last 30 seconds is 0.000000
[INFO 2018-03-09 00:01:16,304 PID:23426 /home/ec2-user/anaconda3/envs/mxnet_p36/lib/python3.6/site-packages/mms/metric.py:start_recording:118 Metric cpu for last 30 seconds is 0.000167
[INFO 2018-03-09 00:01:16,304 PID:23426 /home/ec2-user/anaconda3/envs/mxnet_p36/lib/python3.6/site-packages/mms/metric.py:start_recording:118 Metric memory for last 30 seconds is 0.003771
[INFO 2018-03-09 00:01:16,305 PID:23426 /home/ec2-user/anaconda3/envs/mxnet_p36/lib/python3.6/site-packages/mms/metric.py:start_recording:118 Metric disk for last 30 seconds is 0.715000
[INFO 2018-03-09 00:01:16,305 PID:23426 /home/ec2-user/anaconda3/envs/mxnet_p36/lib/python3.6/site-packages/mms/metric.py:start_recording:118 Metric overall_latency for last 30 seconds is 0.000000
[INFO 2018-03-09 00:01:16,306 PID:23426 /home/ec2-user/anaconda3/envs/mxnet_p36/lib/python3.6/site-packages/mms/metric.py:start_recording:118 Metric inference_latency for last 30 seconds is 0.000000
[INFO 2018-03-09 00:01:16,306 PID:23426 /home/ec2-user/anaconda3/envs/mxnet_p36/lib/python3.6/site-packages/mms/metric.py:start_recording:118 Metric preprocess_latency for last 30 seconds is 0.000000
[INFO 2018-03-09 00:01:46,303 PID:23426 /home/ec2-user/anaconda3/envs/mxnet_p36/lib/python3.6/site-packages/mms/metric.py:start_recording:118 Metric errors for last 30 seconds is 0.000000
[INFO 2018-03-09 00:01:46,303 PID:23426 /home/ec2-user/anaconda3/envs/mxnet_p36/lib/python3.6/site-packages/mms/metric.py:start_recording:118 Metric requests for last 30 seconds is 0.000000
[INFO 2018-03-09 00:01:46,304 PID:23426 /home/ec2-user/anaconda3/envs/mxnet_p36/lib/python3.6/site-packages/mms/metric.py:start_recording:118 Metric cpu for last 30 seconds is 0.000667
[INFO 2018-03-09 00:01:46,305 PID:23426 /home/ec2-user/anaconda3/envs/mxnet_p36/lib/python3.6/site-packages/mms/metric.py:start_recording:118 Metric memory for last 30 seconds is 0.003772
[INFO 2018-03-09 00:01:46,305 PID:23426 /home/ec2-user/anaconda3/envs/mxnet_p36/lib/python3.6/site-packages/mms/metric.py:start_recording:118 Metric disk for last 30 seconds is 0.715000
[INFO 2018-03-09 00:01:46,305 PID:23426 /home/ec2-user/anaconda3/envs/mxnet_p36/lib/python3.6/site-packages/mms/metric.py:start_recording:118 Metric overall_latency for last 30 seconds is 0.000000
[INFO 2018-03-09 00:01:46,306 PID:23426 /home/ec2-user/anaconda3/envs/mxnet_p36/lib/python3.6/site-packages/mms/metric.py:start_recording:118 Metric inference_latency for last 30 seconds is 0.000000
[INFO 2018-03-09 00:01:46,306 PID:23426 /home/ec2-user/anaconda3/envs/mxnet_p36/lib/python3.6/site-packages/mms/metric.py:start_recording:118 Metric preprocess_latency for last 30 seconds is 0.000000
[INFO 2018-03-09 00:02:16,303 PID:23426 /home/ec2-user/anaconda3/envs/mxnet_p36/lib/python3.6/site-packages/mms/metric.py:start_recording:118 Metric errors for last 30 seconds is 0.000000
[INFO 2018-03-09 00:02:16,304 PID:23426 /home/ec2-user/anaconda3/envs/mxnet_p36/lib/python3.6/site-packages/mms/metric.py:start_recording:118 Metric requests for last 30 seconds is 0.000000
[INFO 2018-03-09 00:02:16,304 PID:23426 /home/ec2-user/anaconda3/envs/mxnet_p36/lib/python3.6/site-packages/mms/metric.py:start_recording:118 Metric cpu for last 30 seconds is 0.003667
[INFO 2018-03-09 00:02:16,305 PID:23426 /home/ec2-user/anaconda3/envs/mxnet_p36/lib/python3.6/site-packages/mms/metric.py:start_recording:118 Metric memory for last 30 seconds is 0.003772
[INFO 2018-03-09 00:02:16,305 PID:23426 /home/ec2-user/anaconda3/envs/mxnet_p36/lib/python3.6/site-packages/mms/metric.py:start_recording:118 Metric disk for last 30 seconds is 0.715000
[INFO 2018-03-09 00:02:16,306 PID:23426 /home/ec2-user/anaconda3/envs/mxnet_p36/lib/python3.6/site-packages/mms/metric.py:start_recording:118 Metric overall_latency for last 30 seconds is 0.000000
[INFO 2018-03-09 00:02:16,306 PID:23426 /home/ec2-user/anaconda3/envs/mxnet_p36/lib/python3.6/site-packages/mms/metric.py:start_recording:118 Metric inference_latency for last 30 seconds is 0.000000
[INFO 2018-03-09 00:02:16,307 PID:23426 /home/ec2-user/anaconda3/envs/mxnet_p36/lib/python3.6/site-packages/mms/metric.py:start_recording:118 Metric preprocess_latency for last 30 seconds is 0.000000
[INFO 2018-03-09 00:02:46,304 PID:23426 /home/ec2-user/anaconda3/envs/mxnet_p36/lib/python3.6/site-packages/mms/metric.py:start_recording:118 Metric errors for last 30 seconds is 0.000000
[INFO 2018-03-09 00:02:46,304 PID:23426 /home/ec2-user/anaconda3/envs/mxnet_p36/lib/python3.6/site-packages/mms/metric.py:start_recording:118 Metric requests for last 30 seconds is 0.000000
[INFO 2018-03-09 00:02:46,305 PID:23426 /home/ec2-user/anaconda3/envs/mxnet_p36/lib/python3.6/site-packages/mms/metric.py:start_recording:118 Metric cpu for last 30 seconds is 0.007000
[INFO 2018-03-09 00:02:46,305 PID:23426 /home/ec2-user/anaconda3/envs/mxnet_p36/lib/python3.6/site-packages/mms/metric.py:start_recording:118 Metric memory for last 30 seconds is 0.003772
[INFO 2018-03-09 00:02:46,306 PID:23426 /home/ec2-user/anaconda3/envs/mxnet_p36/lib/python3.6/site-packages/mms/metric.py:start_recording:118 Metric disk for last 30 seconds is 0.715000
[INFO 2018-03-09 00:02:46,306 PID:23426 /home/ec2-user/anaconda3/envs/mxnet_p36/lib/python3.6/site-packages/mms/metric.py:start_recording:118 Metric overall_latency for last 30 seconds is 0.000000
[INFO 2018-03-09 00:02:46,306 PID:23426 /home/ec2-user/anaconda3/envs/mxnet_p36/lib/python3.6/site-packages/mms/metric.py:start_recording:118 Metric inference_latency for last 30 seconds is 0.000000
[INFO 2018-03-09 00:02:46,307 PID:23426 /home/ec2-user/anaconda3/envs/mxnet_p36/lib/python3.6/site-packages/mms/metric.py:start_recording:118 Metric preprocess_latency for last 30 seconds is 0.000000
[INFO 2018-03-09 00:03:16,304 PID:23426 /home/ec2-user/anaconda3/envs/mxnet_p36/lib/python3.6/site-packages/mms/metric.py:start_recording:118 Metric errors for last 30 seconds is 0.000000
[INFO 2018-03-09 00:03:16,305 PID:23426 /home/ec2-user/anaconda3/envs/mxnet_p36/lib/python3.6/site-packages/mms/metric.py:start_recording:118 Metric requests for last 30 seconds is 0.000000
[INFO 2018-03-09 00:03:16,305 PID:23426 /home/ec2-user/anaconda3/envs/mxnet_p36/lib/python3.6/site-packages/mms/metric.py:start_recording:118 Metric cpu for last 30 seconds is 0.000167
[INFO 2018-03-09 00:03:16,306 PID:23426 /home/ec2-user/anaconda3/envs/mxnet_p36/lib/python3.6/site-packages/mms/metric.py:start_recording:118 Metric memory for last 30 seconds is 0.003772
[INFO 2018-03-09 00:03:16,306 PID:23426 /home/ec2-user/anaconda3/envs/mxnet_p36/lib/python3.6/site-packages/mms/metric.py:start_recording:118 Metric disk for last 30 seconds is 0.715000
[INFO 2018-03-09 00:03:16,306 PID:23426 /home/ec2-user/anaconda3/envs/mxnet_p36/lib/python3.6/site-packages/mms/metric.py:start_recording:118 Metric overall_latency for last 30 seconds is 0.000000
[INFO 2018-03-09 00:03:16,307 PID:23426 /home/ec2-user/anaconda3/envs/mxnet_p36/lib/python3.6/site-packages/mms/metric.py:start_recording:118 Metric inference_latency for last 30 seconds is 0.000000
[INFO 2018-03-09 00:03:16,307 PID:23426 /home/ec2-user/anaconda3/envs/mxnet_p36/lib/python3.6/site-packages/mms/metric.py:start_recording:118 Metric preprocess_latency for last 30 seconds is 0.000000
[INFO 2018-03-09 00:03:46,304 PID:23426 /home/ec2-user/anaconda3/envs/mxnet_p36/lib/python3.6/site-packages/mms/metric.py:start_recording:118 Metric errors for last 30 seconds is 0.000000
[INFO 2018-03-09 00:03:46,305 PID:23426 /home/ec2-user/anaconda3/envs/mxnet_p36/lib/python3.6/site-packages/mms/metric.py:start_recording:118 Metric requests for last 30 seconds is 0.000000
[INFO 2018-03-09 00:03:46,305 PID:23426 /home/ec2-user/anaconda3/envs/mxnet_p36/lib/python3.6/site-packages/mms/metric.py:start_recording:118 Metric cpu for last 30 seconds is 0.000333
[INFO 2018-03-09 00:03:46,306 PID:23426 /home/ec2-user/anaconda3/envs/mxnet_p36/lib/python3.6/site-packages/mms/metric.py:start_recording:118 Metric memory for last 30 seconds is 0.003772
[INFO 2018-03-09 00:03:46,306 PID:23426 /home/ec2-user/anaconda3/envs/mxnet_p36/lib/python3.6/site-packages/mms/metric.py:start_recording:118 Metric disk for last 30 seconds is 0.715000
[INFO 2018-03-09 00:03:46,307 PID:23426 /home/ec2-user/anaconda3/envs/mxnet_p36/lib/python3.6/site-packages/mms/metric.py:start_recording:118 Metric overall_latency for last 30 seconds is 0.000000
[INFO 2018-03-09 00:03:46,307 PID:23426 /home/ec2-user/anaconda3/envs/mxnet_p36/lib/python3.6/site-packages/mms/metric.py:start_recording:118 Metric inference_latency for last 30 seconds is 0.000000
[INFO 2018-03-09 00:03:46,308 PID:23426 /home/ec2-user/anaconda3/envs/mxnet_p36/lib/python3.6/site-packages/mms/metric.py:start_recording:118 Metric preprocess_latency for last 30 seconds is 0.000000
[INFO 2018-03-09 00:04:16,305 PID:23426 /home/ec2-user/anaconda3/envs/mxnet_p36/lib/python3.6/site-packages/mms/metric.py:start_recording:118 Metric errors for last 30 seconds is 0.000000
[INFO 2018-03-09 00:04:16,306 PID:23426 /home/ec2-user/anaconda3/envs/mxnet_p36/lib/python3.6/site-packages/mms/metric.py:start_recording:118 Metric requests for last 30 seconds is 0.000000
[INFO 2018-03-09 00:04:16,306 PID:23426 /home/ec2-user/anaconda3/envs/mxnet_p36/lib/python3.6/site-packages/mms/metric.py:start_recording:118 Metric cpu for last 30 seconds is 0.000000
[INFO 2018-03-09 00:04:16,306 PID:23426 /home/ec2-user/anaconda3/envs/mxnet_p36/lib/python3.6/site-packages/mms/metric.py:start_recording:118 Metric memory for last 30 seconds is 0.003772
[INFO 2018-03-09 00:04:16,307 PID:23426 /home/ec2-user/anaconda3/envs/mxnet_p36/lib/python3.6/site-packages/mms/metric.py:start_recording:118 Metric disk for last 30 seconds is 0.715000
[INFO 2018-03-09 00:04:16,308 PID:23426 /home/ec2-user/anaconda3/envs/mxnet_p36/lib/python3.6/site-packages/mms/metric.py:start_recording:118 Metric overall_latency for last 30 seconds is 0.000000
[INFO 2018-03-09 00:04:16,308 PID:23426 /home/ec2-user/anaconda3/envs/mxnet_p36/lib/python3.6/site-packages/mms/metric.py:start_recording:118 Metric inference_latency for last 30 seconds is 0.000000
[INFO 2018-03-09 00:04:16,308 PID:23426 /home/ec2-user/anaconda3/envs/mxnet_p36/lib/python3.6/site-packages/mms/metric.py:start_recording:118 Metric preprocess_latency for last 30 seconds is 0.000000
[INFO 2018-03-09 00:04:46,305 PID:23426 /home/ec2-user/anaconda3/envs/mxnet_p36/lib/python3.6/site-packages/mms/metric.py:start_recording:118 Metric errors for last 30 seconds is 0.000000
[INFO 2018-03-09 00:04:46,306 PID:23426 /home/ec2-user/anaconda3/envs/mxnet_p36/lib/python3.6/site-packages/mms/metric.py:start_recording:118 Metric requests for last 30 seconds is 0.000000
[INFO 2018-03-09 00:04:46,306 PID:23426 /home/ec2-user/anaconda3/envs/mxnet_p36/lib/python3.6/site-packages/mms/metric.py:start_recording:118 Metric cpu for last 30 seconds is 0.000000
[INFO 2018-03-09 00:04:46,307 PID:23426 /home/ec2-user/anaconda3/envs/mxnet_p36/lib/python3.6/site-packages/mms/metric.py:start_recording:118 Metric memory for last 30 seconds is 0.003773
[INFO 2018-03-09 00:04:46,307 PID:23426 /home/ec2-user/anaconda3/envs/mxnet_p36/lib/python3.6/site-packages/mms/metric.py:start_recording:118 Metric disk for last 30 seconds is 0.715000
[INFO 2018-03-09 00:04:46,308 PID:23426 /home/ec2-user/anaconda3/envs/mxnet_p36/lib/python3.6/site-packages/mms/metric.py:start_recording:118 Metric overall_latency for last 30 seconds is 0.000000
[INFO 2018-03-09 00:04:46,308 PID:23426 /home/ec2-user/anaconda3/envs/mxnet_p36/lib/python3.6/site-packages/mms/metric.py:start_recording:118 Metric inference_latency for last 30 seconds is 0.000000
[INFO 2018-03-09 00:04:46,309 PID:23426 /home/ec2-user/anaconda3/envs/mxnet_p36/lib/python3.6/site-packages/mms/metric.py:start_recording:118 Metric preprocess_latency for last 30 seconds is 0.000000
[INFO 2018-03-09 00:05:16,306 PID:23426 /home/ec2-user/anaconda3/envs/mxnet_p36/lib/python3.6/site-packages/mms/metric.py:start_recording:118 Metric errors for last 30 seconds is 0.000000
[INFO 2018-03-09 00:05:16,306 PID:23426 /home/ec2-user/anaconda3/envs/mxnet_p36/lib/python3.6/site-packages/mms/metric.py:start_recording:118 Metric requests for last 30 seconds is 0.000000
[INFO 2018-03-09 00:05:16,307 PID:23426 /home/ec2-user/anaconda3/envs/mxnet_p36/lib/python3.6/site-packages/mms/metric.py:start_recording:118 Metric cpu for last 30 seconds is 0.000167
[INFO 2018-03-09 00:05:16,307 PID:23426 /home/ec2-user/anaconda3/envs/mxnet_p36/lib/python3.6/site-packages/mms/metric.py:start_recording:118 Metric memory for last 30 seconds is 0.003773
[INFO 2018-03-09 00:05:16,308 PID:23426 /home/ec2-user/anaconda3/envs/mxnet_p36/lib/python3.6/site-packages/mms/metric.py:start_recording:118 Metric disk for last 30 seconds is 0.715000
[INFO 2018-03-09 00:05:16,308 PID:23426 /home/ec2-user/anaconda3/envs/mxnet_p36/lib/python3.6/site-packages/mms/metric.py:start_recording:118 Metric overall_latency for last 30 seconds is 0.000000
[INFO 2018-03-09 00:05:16,308 PID:23426 /home/ec2-user/anaconda3/envs/mxnet_p36/lib/python3.6/site-packages/mms/metric.py:start_recording:118 Metric inference_latency for last 30 seconds is 0.000000
[INFO 2018-03-09 00:05:16,309 PID:23426 /home/ec2-user/anaconda3/envs/mxnet_p36/lib/python3.6/site-packages/mms/metric.py:start_recording:118 Metric preprocess_latency for last 30 seconds is 0.000000
[INFO 2018-03-09 00:05:46,306 PID:23426 /home/ec2-user/anaconda3/envs/mxnet_p36/lib/python3.6/site-packages/mms/metric.py:start_recording:118 Metric errors for last 30 seconds is 0.000000
[INFO 2018-03-09 00:05:46,307 PID:23426 /home/ec2-user/anaconda3/envs/mxnet_p36/lib/python3.6/site-packages/mms/metric.py:start_recording:118 Metric requests for last 30 seconds is 0.000000
[INFO 2018-03-09 00:05:46,307 PID:23426 /home/ec2-user/anaconda3/envs/mxnet_p36/lib/python3.6/site-packages/mms/metric.py:start_recording:118 Metric cpu for last 30 seconds is 0.006667
[INFO 2018-03-09 00:05:46,308 PID:23426 /home/ec2-user/anaconda3/envs/mxnet_p36/lib/python3.6/site-packages/mms/metric.py:start_recording:118 Metric memory for last 30 seconds is 0.003773
[INFO 2018-03-09 00:05:46,308 PID:23426 /home/ec2-user/anaconda3/envs/mxnet_p36/lib/python3.6/site-packages/mms/metric.py:start_recording:118 Metric disk for last 30 seconds is 0.715000
[INFO 2018-03-09 00:05:46,309 PID:23426 /home/ec2-user/anaconda3/envs/mxnet_p36/lib/python3.6/site-packages/mms/metric.py:start_recording:118 Metric overall_latency for last 30 seconds is 0.000000
[INFO 2018-03-09 00:05:46,309 PID:23426 /home/ec2-user/anaconda3/envs/mxnet_p36/lib/python3.6/site-packages/mms/metric.py:start_recording:118 Metric inference_latency for last 30 seconds is 0.000000
[INFO 2018-03-09 00:05:46,309 PID:23426 /home/ec2-user/anaconda3/envs/mxnet_p36/lib/python3.6/site-packages/mms/metric.py:start_recording:118 Metric preprocess_latency for last 30 seconds is 0.000000
[INFO 2018-03-09 00:06:16,306 PID:23426 /home/ec2-user/anaconda3/envs/mxnet_p36/lib/python3.6/site-packages/mms/metric.py:start_recording:118 Metric errors for last 30 seconds is 0.000000
[INFO 2018-03-09 00:06:16,307 PID:23426 /home/ec2-user/anaconda3/envs/mxnet_p36/lib/python3.6/site-packages/mms/metric.py:start_recording:118 Metric requests for last 30 seconds is 0.000000
[INFO 2018-03-09 00:06:16,308 PID:23426 /home/ec2-user/anaconda3/envs/mxnet_p36/lib/python3.6/site-packages/mms/metric.py:start_recording:118 Metric cpu for last 30 seconds is 0.000000
[INFO 2018-03-09 00:06:16,308 PID:23426 /home/ec2-user/anaconda3/envs/mxnet_p36/lib/python3.6/site-packages/mms/metric.py:start_recording:118 Metric memory for last 30 seconds is 0.003773
[INFO 2018-03-09 00:06:16,309 PID:23426 /home/ec2-user/anaconda3/envs/mxnet_p36/lib/python3.6/site-packages/mms/metric.py:start_recording:118 Metric disk for last 30 seconds is 0.715000
[INFO 2018-03-09 00:06:16,309 PID:23426 /home/ec2-user/anaconda3/envs/mxnet_p36/lib/python3.6/site-packages/mms/metric.py:start_recording:118 Metric overall_latency for last 30 seconds is 0.000000
[INFO 2018-03-09 00:06:16,310 PID:23426 /home/ec2-user/anaconda3/envs/mxnet_p36/lib/python3.6/site-packages/mms/metric.py:start_recording:118 Metric preprocess_latency for last 30 seconds is 0.000000
[INFO 2018-03-09 00:06:16,310 PID:23426 /home/ec2-user/anaconda3/envs/mxnet_p36/lib/python3.6/site-packages/mms/metric.py:start_recording:118 Metric inference_latency for last 30 seconds is 0.000000
[INFO 2018-03-09 00:06:46,307 PID:23426 /home/ec2-user/anaconda3/envs/mxnet_p36/lib/python3.6/site-packages/mms/metric.py:start_recording:118 Metric errors for last 30 seconds is 0.000000
[INFO 2018-03-09 00:06:46,307 PID:23426 /home/ec2-user/anaconda3/envs/mxnet_p36/lib/python3.6/site-packages/mms/metric.py:start_recording:118 Metric requests for last 30 seconds is 0.000000
[INFO 2018-03-09 00:06:46,308 PID:23426 /home/ec2-user/anaconda3/envs/mxnet_p36/lib/python3.6/site-packages/mms/metric.py:start_recording:118 Metric cpu for last 30 seconds is 0.000000
[INFO 2018-03-09 00:06:46,308 PID:23426 /home/ec2-user/anaconda3/envs/mxnet_p36/lib/python3.6/site-packages/mms/metric.py:start_recording:118 Metric memory for last 30 seconds is 0.003773
[INFO 2018-03-09 00:06:46,309 PID:23426 /home/ec2-user/anaconda3/envs/mxnet_p36/lib/python3.6/site-packages/mms/metric.py:start_recording:118 Metric disk for last 30 seconds is 0.715000
[INFO 2018-03-09 00:06:46,309 PID:23426 /home/ec2-user/anaconda3/envs/mxnet_p36/lib/python3.6/site-packages/mms/metric.py:start_recording:118 Metric overall_latency for last 30 seconds is 0.000000
[INFO 2018-03-09 00:06:46,310 PID:23426 /home/ec2-user/anaconda3/envs/mxnet_p36/lib/python3.6/site-packages/mms/metric.py:start_recording:118 Metric preprocess_latency for last 30 seconds is 0.000000
[INFO 2018-03-09 00:06:46,310 PID:23426 /home/ec2-user/anaconda3/envs/mxnet_p36/lib/python3.6/site-packages/mms/metric.py:start_recording:118 Metric inference_latency for last 30 seconds is 0.000000
[INFO 2018-03-09 00:07:16,307 PID:23426 /home/ec2-user/anaconda3/envs/mxnet_p36/lib/python3.6/site-packages/mms/metric.py:start_recording:118 Metric errors for last 30 seconds is 0.000000
[INFO 2018-03-09 00:07:16,308 PID:23426 /home/ec2-user/anaconda3/envs/mxnet_p36/lib/python3.6/site-packages/mms/metric.py:start_recording:118 Metric requests for last 30 seconds is 0.000000
[INFO 2018-03-09 00:07:16,308 PID:23426 /home/ec2-user/anaconda3/envs/mxnet_p36/lib/python3.6/site-packages/mms/metric.py:start_recording:118 Metric cpu for last 30 seconds is 0.000167
[INFO 2018-03-09 00:07:16,308 PID:23426 /home/ec2-user/anaconda3/envs/mxnet_p36/lib/python3.6/site-packages/mms/metric.py:start_recording:118 Metric memory for last 30 seconds is 0.003773
[INFO 2018-03-09 00:07:16,309 PID:23426 /home/ec2-user/anaconda3/envs/mxnet_p36/lib/python3.6/site-packages/mms/metric.py:start_recording:118 Metric disk for last 30 seconds is 0.715000
[INFO 2018-03-09 00:07:16,309 PID:23426 /home/ec2-user/anaconda3/envs/mxnet_p36/lib/python3.6/site-packages/mms/metric.py:start_recording:118 Metric overall_latency for last 30 seconds is 0.000000
[INFO 2018-03-09 00:07:16,310 PID:23426 /home/ec2-user/anaconda3/envs/mxnet_p36/lib/python3.6/site-packages/mms/metric.py:start_recording:118 Metric preprocess_latency for last 30 seconds is 0.000000
[INFO 2018-03-09 00:07:16,310 PID:23426 /home/ec2-user/anaconda3/envs/mxnet_p36/lib/python3.6/site-packages/mms/metric.py:start_recording:118 Metric inference_latency for last 30 seconds is 0.000000
[INFO 2018-03-09 00:07:46,308 PID:23426 /home/ec2-user/anaconda3/envs/mxnet_p36/lib/python3.6/site-packages/mms/metric.py:start_recording:118 Metric errors for last 30 seconds is 0.000000
[INFO 2018-03-09 00:07:46,308 PID:23426 /home/ec2-user/anaconda3/envs/mxnet_p36/lib/python3.6/site-packages/mms/metric.py:start_recording:118 Metric requests for last 30 seconds is 0.000000
[INFO 2018-03-09 00:07:46,308 PID:23426 /home/ec2-user/anaconda3/envs/mxnet_p36/lib/python3.6/site-packages/mms/metric.py:start_recording:118 Metric cpu for last 30 seconds is 0.000000
[INFO 2018-03-09 00:07:46,309 PID:23426 /home/ec2-user/anaconda3/envs/mxnet_p36/lib/python3.6/site-packages/mms/metric.py:start_recording:118 Metric memory for last 30 seconds is 0.003773
[INFO 2018-03-09 00:07:46,309 PID:23426 /home/ec2-user/anaconda3/envs/mxnet_p36/lib/python3.6/site-packages/mms/metric.py:start_recording:118 Metric disk for last 30 seconds is 0.715000
[INFO 2018-03-09 00:07:46,310 PID:23426 /home/ec2-user/anaconda3/envs/mxnet_p36/lib/python3.6/site-packages/mms/metric.py:start_recording:118 Metric overall_latency for last 30 seconds is 0.000000
[INFO 2018-03-09 00:07:46,310 PID:23426 /home/ec2-user/anaconda3/envs/mxnet_p36/lib/python3.6/site-packages/mms/metric.py:start_recording:118 Metric preprocess_latency for last 30 seconds is 0.000000
[INFO 2018-03-09 00:07:46,311 PID:23426 /home/ec2-user/anaconda3/envs/mxnet_p36/lib/python3.6/site-packages/mms/metric.py:start_recording:118 Metric inference_latency for last 30 seconds is 0.000000
[INFO 2018-03-09 00:08:16,308 PID:23426 /home/ec2-user/anaconda3/envs/mxnet_p36/lib/python3.6/site-packages/mms/metric.py:start_recording:118 Metric errors for last 30 seconds is 0.000000
[INFO 2018-03-09 00:08:16,309 PID:23426 /home/ec2-user/anaconda3/envs/mxnet_p36/lib/python3.6/site-packages/mms/metric.py:start_recording:118 Metric requests for last 30 seconds is 0.000000
[INFO 2018-03-09 00:08:16,309 PID:23426 /home/ec2-user/anaconda3/envs/mxnet_p36/lib/python3.6/site-packages/mms/metric.py:start_recording:118 Metric cpu for last 30 seconds is 0.000000
[INFO 2018-03-09 00:08:16,309 PID:23426 /home/ec2-user/anaconda3/envs/mxnet_p36/lib/python3.6/site-packages/mms/metric.py:start_recording:118 Metric memory for last 30 seconds is 0.003773
[INFO 2018-03-09 00:08:16,310 PID:23426 /home/ec2-user/anaconda3/envs/mxnet_p36/lib/python3.6/site-packages/mms/metric.py:start_recording:118 Metric disk for last 30 seconds is 0.715000
[INFO 2018-03-09 00:08:16,310 PID:23426 /home/ec2-user/anaconda3/envs/mxnet_p36/lib/python3.6/site-packages/mms/metric.py:start_recording:118 Metric overall_latency for last 30 seconds is 0.000000
[INFO 2018-03-09 00:08:16,311 PID:23426 /home/ec2-user/anaconda3/envs/mxnet_p36/lib/python3.6/site-packages/mms/metric.py:start_recording:118 Metric preprocess_latency for last 30 seconds is 0.000000
[INFO 2018-03-09 00:08:16,311 PID:23426 /home/ec2-user/anaconda3/envs/mxnet_p36/lib/python3.6/site-packages/mms/metric.py:start_recording:118 Metric inference_latency for last 30 seconds is 0.000000
[INFO 2018-03-09 00:08:46,308 PID:23426 /home/ec2-user/anaconda3/envs/mxnet_p36/lib/python3.6/site-packages/mms/metric.py:start_recording:118 Metric errors for last 30 seconds is 0.000000
[INFO 2018-03-09 00:08:46,309 PID:23426 /home/ec2-user/anaconda3/envs/mxnet_p36/lib/python3.6/site-packages/mms/metric.py:start_recording:118 Metric requests for last 30 seconds is 0.000000
[INFO 2018-03-09 00:08:46,310 PID:23426 /home/ec2-user/anaconda3/envs/mxnet_p36/lib/python3.6/site-packages/mms/metric.py:start_recording:118 Metric cpu for last 30 seconds is 0.006833
[INFO 2018-03-09 00:08:46,311 PID:23426 /home/ec2-user/anaconda3/envs/mxnet_p36/lib/python3.6/site-packages/mms/metric.py:start_recording:118 Metric memory for last 30 seconds is 0.003773
[INFO 2018-03-09 00:08:46,311 PID:23426 /home/ec2-user/anaconda3/envs/mxnet_p36/lib/python3.6/site-packages/mms/metric.py:start_recording:118 Metric disk for last 30 seconds is 0.715000
[INFO 2018-03-09 00:08:46,312 PID:23426 /home/ec2-user/anaconda3/envs/mxnet_p36/lib/python3.6/site-packages/mms/metric.py:start_recording:118 Metric overall_latency for last 30 seconds is 0.000000
[INFO 2018-03-09 00:08:46,312 PID:23426 /home/ec2-user/anaconda3/envs/mxnet_p36/lib/python3.6/site-packages/mms/metric.py:start_recording:118 Metric preprocess_latency for last 30 seconds is 0.000000
[INFO 2018-03-09 00:08:46,312 PID:23426 /home/ec2-user/anaconda3/envs/mxnet_p36/lib/python3.6/site-packages/mms/metric.py:start_recording:118 Metric inference_latency for last 30 seconds is 0.000000
[INFO 2018-03-09 00:09:16,309 PID:23426 /home/ec2-user/anaconda3/envs/mxnet_p36/lib/python3.6/site-packages/mms/metric.py:start_recording:118 Metric errors for last 30 seconds is 0.000000
[INFO 2018-03-09 00:09:16,309 PID:23426 /home/ec2-user/anaconda3/envs/mxnet_p36/lib/python3.6/site-packages/mms/metric.py:start_recording:118 Metric requests for last 30 seconds is 0.000000
[INFO 2018-03-09 00:09:16,310 PID:23426 /home/ec2-user/anaconda3/envs/mxnet_p36/lib/python3.6/site-packages/mms/metric.py:start_recording:118 Metric cpu for last 30 seconds is 0.000167
[INFO 2018-03-09 00:09:16,310 PID:23426 /home/ec2-user/anaconda3/envs/mxnet_p36/lib/python3.6/site-packages/mms/metric.py:start_recording:118 Metric memory for last 30 seconds is 0.003773
[INFO 2018-03-09 00:09:16,310 PID:23426 /home/ec2-user/anaconda3/envs/mxnet_p36/lib/python3.6/site-packages/mms/metric.py:start_recording:118 Metric disk for last 30 seconds is 0.715000
[INFO 2018-03-09 00:09:16,311 PID:23426 /home/ec2-user/anaconda3/envs/mxnet_p36/lib/python3.6/site-packages/mms/metric.py:start_recording:118 Metric overall_latency for last 30 seconds is 0.000000
[INFO 2018-03-09 00:09:16,311 PID:23426 /home/ec2-user/anaconda3/envs/mxnet_p36/lib/python3.6/site-packages/mms/metric.py:start_recording:118 Metric preprocess_latency for last 30 seconds is 0.000000
[INFO 2018-03-09 00:09:16,311 PID:23426 /home/ec2-user/anaconda3/envs/mxnet_p36/lib/python3.6/site-packages/mms/metric.py:start_recording:118 Metric inference_latency for last 30 seconds is 0.000000
[INFO 2018-03-09 00:09:46,309 PID:23426 /home/ec2-user/anaconda3/envs/mxnet_p36/lib/python3.6/site-packages/mms/metric.py:start_recording:118 Metric errors for last 30 seconds is 0.000000
[INFO 2018-03-09 00:09:46,310 PID:23426 /home/ec2-user/anaconda3/envs/mxnet_p36/lib/python3.6/site-packages/mms/metric.py:start_recording:118 Metric requests for last 30 seconds is 0.000000
[INFO 2018-03-09 00:09:46,310 PID:23426 /home/ec2-user/anaconda3/envs/mxnet_p36/lib/python3.6/site-packages/mms/metric.py:start_recording:118 Metric cpu for last 30 seconds is 0.000000
[INFO 2018-03-09 00:09:46,311 PID:23426 /home/ec2-user/anaconda3/envs/mxnet_p36/lib/python3.6/site-packages/mms/metric.py:start_recording:118 Metric memory for last 30 seconds is 0.003774
[INFO 2018-03-09 00:09:46,311 PID:23426 /home/ec2-user/anaconda3/envs/mxnet_p36/lib/python3.6/site-packages/mms/metric.py:start_recording:118 Metric overall_latency for last 30 seconds is 0.000000
[INFO 2018-03-09 00:09:46,312 PID:23426 /home/ec2-user/anaconda3/envs/mxnet_p36/lib/python3.6/site-packages/mms/metric.py:start_recording:118 Metric disk for last 30 seconds is 0.715000
[INFO 2018-03-09 00:09:46,312 PID:23426 /home/ec2-user/anaconda3/envs/mxnet_p36/lib/python3.6/site-packages/mms/metric.py:start_recording:118 Metric preprocess_latency for last 30 seconds is 0.000000
[INFO 2018-03-09 00:09:46,313 PID:23426 /home/ec2-user/anaconda3/envs/mxnet_p36/lib/python3.6/site-packages/mms/metric.py:start_recording:118 Metric inference_latency for last 30 seconds is 0.000000
[INFO 2018-03-09 00:10:16,309 PID:23426 /home/ec2-user/anaconda3/envs/mxnet_p36/lib/python3.6/site-packages/mms/metric.py:start_recording:118 Metric errors for last 30 seconds is 0.000000
[INFO 2018-03-09 00:10:16,310 PID:23426 /home/ec2-user/anaconda3/envs/mxnet_p36/lib/python3.6/site-packages/mms/metric.py:start_recording:118 Metric requests for last 30 seconds is 0.000000
[INFO 2018-03-09 00:10:16,311 PID:23426 /home/ec2-user/anaconda3/envs/mxnet_p36/lib/python3.6/site-packages/mms/metric.py:start_recording:118 Metric cpu for last 30 seconds is 0.000000
[INFO 2018-03-09 00:10:16,311 PID:23426 /home/ec2-user/anaconda3/envs/mxnet_p36/lib/python3.6/site-packages/mms/metric.py:start_recording:118 Metric memory for last 30 seconds is 0.003774
[INFO 2018-03-09 00:10:16,312 PID:23426 /home/ec2-user/anaconda3/envs/mxnet_p36/lib/python3.6/site-packages/mms/metric.py:start_recording:118 Metric disk for last 30 seconds is 0.715000
[INFO 2018-03-09 00:10:16,312 PID:23426 /home/ec2-user/anaconda3/envs/mxnet_p36/lib/python3.6/site-packages/mms/metric.py:start_recording:118 Metric overall_latency for last 30 seconds is 0.000000
[INFO 2018-03-09 00:10:16,313 PID:23426 /home/ec2-user/anaconda3/envs/mxnet_p36/lib/python3.6/site-packages/mms/metric.py:start_recording:118 Metric preprocess_latency for last 30 seconds is 0.000000
[INFO 2018-03-09 00:10:16,313 PID:23426 /home/ec2-user/anaconda3/envs/mxnet_p36/lib/python3.6/site-packages/mms/metric.py:start_recording:118 Metric inference_latency for last 30 seconds is 0.000000
